<?xml version="1.0" encoding="UTF-8"?>
<testsuite xmlns:xsi="http://www.w3.org/2001/XMLSchema-instance" xsi:noNamespaceSchemaLocation="https://maven.apache.org/surefire/maven-surefire-plugin/xsd/surefire-test-report-3.0.xsd" version="3.0" name="org.acme.GreetingResourceTest" time="71.222" tests="1" errors="0" skipped="0" failures="0">
  <properties>
[...]
</properties>
  <testcase name="testHelloEndpoint" classname="org.acme.GreetingResourceTest" time="1.156">
    <system-out><![CDATA[2023-07-12 22:18:09,877 INFO  [io.quarkus] (main) prototype1.1 1.0.0-SNAPSHOT on JVM (powered by Quarkus 3.2.0.Final) started in 12.989s. Listening on: http://localhost:8081
2023-07-12 22:18:09,880 INFO  [io.quarkus] (main) Profile test activated. 
2023-07-12 22:18:09,880 INFO  [io.quarkus] (main) Installed features: [cdi, groovy, kubernetes, resteasy-reactive, resteasy-reactive-jackson, smallrye-context-propagation, vertx]
]]></system-out>
  </testcase>
</testsuite>